Copying the source directory...
Directory copied !
config
data
environment.yml
kaggle.json
logsenv
logslurms
models
README.md
requirements.txt
ressources
scripts
src
train_on_collabs.ipynb
Train mAP:0.0
Mean loss was 0.08887236290003943
Train mAP:0.0209785345941782
Mean loss was 0.07311781098085325
Train mAP:0.015829216688871384
Mean loss was 0.06878129910083784
Train mAP:0.002390713896602392
Mean loss was 0.06540561699204975
Train mAP:0.010580978356301785
Mean loss was 0.06241676950116377
Train mAP:0.004149188287556171
Mean loss was 0.05988450680413972
Train mAP:0.024486970156431198
Mean loss was 0.057180461343287844
Train mAP:0.005156068596988916
Mean loss was 0.05402120421978011
Train mAP:0.05271916836500168
Mean loss was 0.05101444818943307
Train mAP:0.0373038649559021
Mean loss was 0.04768017781133525
Train mAP:0.02601395547389984
Mean loss was 0.043454432721443226
Train mAP:0.030835404992103577
Mean loss was 0.03897485368421688
Train mAP:0.04867323860526085
Mean loss was 0.03440325662565692
Train mAP:0.04354342073202133
Mean loss was 0.028852168839550826
Train mAP:0.047540850937366486
Mean loss was 0.02475227632690311
Train mAP:0.0587124302983284
Mean loss was 0.021048151571213623
Train mAP:0.05478356406092644
Mean loss was 0.01974988376568769
Train mAP:0.0982523113489151
Mean loss was 0.016291825769352165
Train mAP:0.15855064988136292
Mean loss was 0.014886846188185872
Train mAP:0.06273020058870316
Mean loss was 0.014659716363474367
Train mAP:0.0947638601064682
Mean loss was 0.013084714920912387
Train mAP:0.07333537191152573
Mean loss was 0.012750592011652418
Train mAP:0.0869651585817337
Mean loss was 0.012561104542931209
Train mAP:0.09106466919183731
Mean loss was 0.01075237522099689
Train mAP:0.09191904962062836
Mean loss was 0.010047810495907557
Train mAP:0.10983743518590927
Mean loss was 0.009887486994086545
Train mAP:0.10704059898853302
Mean loss was 0.010168884981171664
Train mAP:0.13151012361049652
Mean loss was 0.009471706330218321
Train mAP:0.1555633395910263
Mean loss was 0.00878631748654992
Train mAP:0.10815229266881943
Mean loss was 0.008116071269923938
Train mAP:0.17182454466819763
Mean loss was 0.008568660492878317
Train mAP:0.15738067030906677
Mean loss was 0.00938213647428702
Train mAP:0.19104580581188202
Mean loss was 0.0073432736724147185
Train mAP:0.21774129569530487
Mean loss was 0.006687995751167913
Train mAP:0.2304801642894745
Mean loss was 0.007018337454556843
Train mAP:0.24763807654380798
Mean loss was 0.007137698462853829
Train mAP:0.2392367422580719
Mean loss was 0.006948265494274848
Train mAP:0.2813524603843689
Mean loss was 0.0065421128152883135
Train mAP:0.2988991439342499
Mean loss was 0.006843145003380335
Train mAP:0.25358977913856506
Mean loss was 0.006731026621922346
Train mAP:0.35380807518959045
Mean loss was 0.005865397303396665
Train mAP:0.29215365648269653
Mean loss was 0.006511208233266061
Train mAP:0.2828659415245056
Mean loss was 0.0057372653035779935
Train mAP:0.25903552770614624
Mean loss was 0.005464025276852547
Train mAP:0.25955814123153687
Mean loss was 0.006073710400215237
Train mAP:0.35297662019729614
Mean loss was 0.006020493749169192
Train mAP:0.3134991526603699
Mean loss was 0.005297803594213393
Train mAP:0.3045424818992615
Mean loss was 0.00512972395385701
Train mAP:0.40887898206710815
=> Saving checkpoint
sending incremental file list

sent 20 bytes  received 12 bytes  64.00 bytes/sec
total size is 0  speedup is 0.00
Finished !
