Copying the source directory...
Directory copied !
config
data
environment.yml
kaggle.json
logsenv
logslurms
models
README.md
requirements.txt
ressources
scripts
src
train_on_collabs.ipynb
Train mAP:0.0
Mean loss was 0.0890415065638397
Train mAP:0.0023523990530520678
Mean loss was 0.07302124597816076
Train mAP:0.014710227027535439
Mean loss was 0.06865533326846966
Train mAP:0.008048852905631065
Mean loss was 0.06520293100876509
Train mAP:0.01507739257067442
Mean loss was 0.06233027399954012
Train mAP:0.0060427808202803135
Mean loss was 0.0593111471241511
Train mAP:0.01202337071299553
Mean loss was 0.05668387454237051
Train mAP:0.010887453332543373
Mean loss was 0.05381191683672189
Train mAP:0.023955266922712326
Mean loss was 0.049830901871124905
Train mAP:0.02915789559483528
Mean loss was 0.045964453621331045
Train mAP:0.037249527871608734
Mean loss was 0.041836168852765206
Train mAP:0.07340313494205475
Mean loss was 0.03649396091375662
Train mAP:0.03716971352696419
Mean loss was 0.031017221523907738
Train mAP:0.07334602624177933
Mean loss was 0.02658561412425001
Train mAP:0.023659763857722282
Mean loss was 0.02316046789702442
Train mAP:0.0461655892431736
Mean loss was 0.019547056847652376
Train mAP:0.06271810829639435
Mean loss was 0.01862009971128138
Train mAP:0.055718522518873215
Mean loss was 0.01949335128734797
Train mAP:0.11937572807073593
Mean loss was 0.015293949751570318
Train mAP:0.16225466132164001
Mean loss was 0.01748281386523431
Train mAP:0.13136744499206543
Mean loss was 0.012751494029959762
Train mAP:0.10428275167942047
Mean loss was 0.011735454326774475
Train mAP:0.06999550014734268
Mean loss was 0.011655868039182995
Train mAP:0.12208400666713715
Mean loss was 0.011389820418064144
Train mAP:0.15300080180168152
Mean loss was 0.010969821482464887
Train mAP:0.163434237241745
Mean loss was 0.010624825190032881
Train mAP:0.11940542608499527
Mean loss was 0.009751431941356204
Train mAP:0.12328501045703888
Mean loss was 0.010313066173848754
Train mAP:0.12697051465511322
Mean loss was 0.009164430850279936
Train mAP:0.1411888301372528
Mean loss was 0.008599005783075727
Train mAP:0.14128300547599792
Mean loss was 0.00914600463539074
Train mAP:0.23216834664344788
Mean loss was 0.008281998733139556
Train mAP:0.1237301379442215
Mean loss was 0.007867719850768357
Train mAP:0.20092466473579407
Mean loss was 0.007824010137414586
Train mAP:0.10391638427972794
Mean loss was 0.008449865207480995
Train mAP:0.2393147498369217
Mean loss was 0.007335069222636701
Train mAP:0.26861807703971863
Mean loss was 0.006815248517463532
Train mAP:0.25335994362831116
Mean loss was 0.009398235271320395
Train mAP:0.2957571744918823
Mean loss was 0.006075728286939542
Train mAP:0.3869997262954712
=> Saving checkpoint
saved
Mean loss was 0.006617446435651413
Train mAP:0.328142911195755
=> Saving checkpoint
saved
Mean loss was 0.0062340528024855445
Train mAP:0.3664630651473999
=> Saving checkpoint
saved
Mean loss was 0.007142273230019255
Train mAP:0.28377431631088257
Mean loss was 0.006277346597750478
Train mAP:0.2179488241672516
Mean loss was 0.006176080481612668
Train mAP:0.29387766122817993
Mean loss was 0.005959818545270009
Train mAP:0.20128703117370605
Mean loss was 0.006078224576073856
Train mAP:0.2090844362974167
Mean loss was 0.005770734243841779
Train mAP:0.19778582453727722
Mean loss was 0.005532282498408703
Train mAP:0.29901570081710815
Mean loss was 0.005626151180974599
Train mAP:0.5121586918830872
=> Saving checkpoint
saved
Mean loss was 0.005876932935204339
=> Saving checkpoint
sending incremental file list

sent 20 bytes  received 12 bytes  64.00 bytes/sec
total size is 0  speedup is 0.00
Finished !
